Website ID: amazon_in_648a8c76
Storage path: C:\Users\prade\OneDrive\Desktop\Rag_drive\backend\data\indexes\amazon_in_648a8c76
Index exists: True, Metadata exists: True
Website ID: amazon_in_648a8c76
Storage path: C:\Users\prade\OneDrive\Desktop\Rag_drive\backend\data\indexes\amazon_in_648a8c76
Index exists: True, Metadata exists: True
Website ID: geeksforgeeks_org_a49dd356
Storage path: C:\Users\prade\OneDrive\Desktop\Rag_drive\backend\data\indexes\geeksforgeeks_org_a49dd356
Index exists: True, Metadata exists: True
Website ID: geeksforgeeks_org_a49dd356
Storage path: C:\Users\prade\OneDrive\Desktop\Rag_drive\backend\data\indexes\geeksforgeeks_org_a49dd356
Index exists: True, Metadata exists: True
Website ID: w3schools_com_7f8f6525
Storage path: C:\Users\prade\OneDrive\Desktop\Rag_drive\backend\data\indexes\w3schools_com_7f8f6525
Index exists: True, Metadata exists: True
Website ID: w3schools_com_7f8f6525
Storage path: C:\Users\prade\OneDrive\Desktop\Rag_drive\backend\data\indexes\w3schools_com_7f8f6525
Index exists: True, Metadata exists: True
Website ID: w3schools_com_7f8f6525
Storage path: C:\Users\prade\OneDrive\Desktop\Rag_drive\backend\data\indexes\w3schools_com_7f8f6525
Index exists: True, Metadata exists: True
Website ID: python_org_1595931a
Storage path: C:\Users\prade\OneDrive\Desktop\Rag_drive\backend\data\indexes\python_org_1595931a
Index exists: True, Metadata exists: True
Website ID: python_org_1595931a
Storage path: C:\Users\prade\OneDrive\Desktop\Rag_drive\backend\data\indexes\python_org_1595931a
Index exists: True, Metadata exists: True
Website ID: python_org_1595931a
Storage path: C:\Users\prade\OneDrive\Desktop\Rag_drive\backend\data\indexes\python_org_1595931a
Index exists: True, Metadata exists: True
Website ID: python_org_1595931a
Storage path: C:\Users\prade\OneDrive\Desktop\Rag_drive\backend\data\indexes\python_org_1595931a
Index exists: True, Metadata exists: True
Website ID: python_org_1595931a
Storage path: C:\Users\prade\OneDrive\Desktop\Rag_drive\backend\data\indexes\python_org_1595931a
Index exists: True, Metadata exists: True
Website ID: python_org_1595931a
Storage path: C:\Users\prade\OneDrive\Desktop\Rag_drive\backend\data\indexes\python_org_1595931a
Index exists: True, Metadata exists: True
Website ID: python_org_1595931a
Storage path: C:\Users\prade\OneDrive\Desktop\Rag_drive\backend\data\indexes\python_org_1595931a
Index exists: True, Metadata exists: True
Website ID: python_org_1595931a
Storage path: C:\Users\prade\OneDrive\Desktop\Rag_drive\backend\data\indexes\python_org_1595931a
Index exists: True, Metadata exists: True
Website ID: amazon_in_67e46348
Storage path: C:\Users\prade\OneDrive\Desktop\Rag_drive\backend\data\indexes\amazon_in_67e46348
Index exists: True, Metadata exists: True
Website ID: amazon_in_67e46348
Storage path: C:\Users\prade\OneDrive\Desktop\Rag_drive\backend\data\indexes\amazon_in_67e46348
Index exists: True, Metadata exists: True
Website ID: amazon_in_67e46348
Storage path: C:\Users\prade\OneDrive\Desktop\Rag_drive\backend\data\indexes\amazon_in_67e46348
Index exists: True, Metadata exists: True
Website ID: amazon_in_67e46348
Storage path: C:\Users\prade\OneDrive\Desktop\Rag_drive\backend\data\indexes\amazon_in_67e46348
Index exists: True, Metadata exists: True
Website ID: amazon_in_67e46348
Storage path: C:\Users\prade\OneDrive\Desktop\Rag_drive\backend\data\indexes\amazon_in_67e46348
Index exists: True, Metadata exists: True
Website ID: amazon_in_67e46348
Storage path: C:\Users\prade\OneDrive\Desktop\Rag_drive\backend\data\indexes\amazon_in_67e46348
Index exists: True, Metadata exists: True
Website ID: flipkart_com_14a732cb
Storage path: C:\Users\prade\OneDrive\Desktop\Rag_drive\backend\data\indexes\flipkart_com_14a732cb
Index exists: True, Metadata exists: True
Website ID: python_org_0d1d26ca
Storage path: C:\Users\prade\OneDrive\Desktop\Rag_drive\backend\data\indexes\python_org_0d1d26ca
Index exists: True, Metadata exists: True
Website ID: python_org_0d1d26ca
Storage path: C:\Users\prade\OneDrive\Desktop\Rag_drive\backend\data\indexes\python_org_0d1d26ca
Index exists: True, Metadata exists: True
Website ID: python_org_0d1d26ca
Storage path: C:\Users\prade\OneDrive\Desktop\Rag_drive\backend\data\indexes\python_org_0d1d26ca
Index exists: True, Metadata exists: True
Website ID: python_org_0d1d26ca
Storage path: C:\Users\prade\OneDrive\Desktop\Rag_drive\backend\data\indexes\python_org_0d1d26ca
Index exists: True, Metadata exists: True
Website ID: hackerrank_com_fa7ddd5b
Storage path: C:\Users\prade\OneDrive\Desktop\Rag_drive\backend\data\indexes\hackerrank_com_fa7ddd5b
Index exists: True, Metadata exists: True
Website ID: hackerrank_com_fa7ddd5b
Storage path: C:\Users\prade\OneDrive\Desktop\Rag_drive\backend\data\indexes\hackerrank_com_fa7ddd5b
Index exists: True, Metadata exists: True
Website ID: hackerrank_com_fa7ddd5b
Storage path: C:\Users\prade\OneDrive\Desktop\Rag_drive\backend\data\indexes\hackerrank_com_fa7ddd5b
Index exists: True, Metadata exists: True
Website ID: hackerrank_com_fa7ddd5b
Storage path: C:\Users\prade\OneDrive\Desktop\Rag_drive\backend\data\indexes\hackerrank_com_fa7ddd5b
Index exists: True, Metadata exists: True
Website ID: hackerrank_com_fa7ddd5b
Storage path: C:\Users\prade\OneDrive\Desktop\Rag_drive\backend\data\indexes\hackerrank_com_fa7ddd5b
Index exists: True, Metadata exists: True
Website ID: hackerrank_com_fa7ddd5b
Storage path: C:\Users\prade\OneDrive\Desktop\Rag_drive\backend\data\indexes\hackerrank_com_fa7ddd5b
Index exists: True, Metadata exists: True
Website ID: amazon_in_67e46348
Storage path: C:\Users\prade\OneDrive\Desktop\Rag_drive\backend\data\indexes\amazon_in_67e46348
Index exists: True, Metadata exists: True
Website ID: amazon_in_67e46348
Storage path: C:\Users\prade\OneDrive\Desktop\Rag_drive\backend\data\indexes\amazon_in_67e46348
Index exists: True, Metadata exists: True
Website ID: amazon_in_67e46348
Storage path: C:\Users\prade\OneDrive\Desktop\Rag_drive\backend\data\indexes\amazon_in_67e46348
Index exists: True, Metadata exists: True
Website ID: hackerrank_com_fa7ddd5b
Storage path: C:\Users\prade\OneDrive\Desktop\Rag_drive\backend\data\indexes\hackerrank_com_fa7ddd5b
Index exists: True, Metadata exists: True
Website ID: hackerrank_com_fa7ddd5b
Storage path: C:\Users\prade\OneDrive\Desktop\Rag_drive\backend\data\indexes\hackerrank_com_fa7ddd5b
Index exists: True, Metadata exists: True
Website ID: hackerrank_com_fa7ddd5b
Storage path: C:\Users\prade\OneDrive\Desktop\Rag_drive\backend\data\indexes\hackerrank_com_fa7ddd5b
Index exists: True, Metadata exists: True
Website ID: amazon_in_67e46348
Storage path: C:\Users\prade\OneDrive\Desktop\Rag_drive\backend\data\indexes\amazon_in_67e46348
Index exists: True, Metadata exists: True
Website ID: amazon_in_67e46348
Storage path: C:\Users\prade\OneDrive\Desktop\Rag_drive\backend\data\indexes\amazon_in_67e46348
Index exists: True, Metadata exists: True
Website ID: amazon_in_67e46348
Storage path: C:\Users\prade\OneDrive\Desktop\Rag_drive\backend\data\indexes\amazon_in_67e46348
Index exists: True, Metadata exists: True
Website ID: python_org_0d1d26ca
Storage path: C:\Users\prade\OneDrive\Desktop\Rag_drive\backend\data\indexes\python_org_0d1d26ca
Index exists: True, Metadata exists: True
Website ID: python_org_0d1d26ca
Storage path: C:\Users\prade\OneDrive\Desktop\Rag_drive\backend\data\indexes\python_org_0d1d26ca
Index exists: True, Metadata exists: True
Website ID: python_org_0d1d26ca
Storage path: C:\Users\prade\OneDrive\Desktop\Rag_drive\backend\data\indexes\python_org_0d1d26ca
Index exists: True, Metadata exists: True
Website ID: hackerrank_com_9f0b733f
Storage path: C:\Users\prade\OneDrive\Desktop\Rag_drive\backend\data\indexes\hackerrank_com_9f0b733f
Index exists: True, Metadata exists: True
Website ID: hackerrank_com_9f0b733f
Storage path: C:\Users\prade\OneDrive\Desktop\Rag_drive\backend\data\indexes\hackerrank_com_9f0b733f
Index exists: True, Metadata exists: True
Website ID: python_org_0d1d26ca
Storage path: C:\Users\prade\OneDrive\Desktop\Rag_drive\backend\data\indexes\python_org_0d1d26ca
Index exists: True, Metadata exists: True
Website ID: amazon_in_67e46348
Storage path: C:\Users\prade\OneDrive\Desktop\Rag_drive\backend\data\indexes\amazon_in_67e46348
Index exists: True, Metadata exists: True
Website ID: w3schools_com_feaabf4b
Storage path: C:\Users\prade\OneDrive\Desktop\Rag_drive\backend\data\indexes\w3schools_com_feaabf4b
Index exists: True, Metadata exists: True
Website ID: w3schools_com_feaabf4b
Storage path: C:\Users\prade\OneDrive\Desktop\Rag_drive\backend\data\indexes\w3schools_com_feaabf4b
Index exists: True, Metadata exists: True
Website ID: w3schools_com_feaabf4b
Storage path: C:\Users\prade\OneDrive\Desktop\Rag_drive\backend\data\indexes\w3schools_com_feaabf4b
Index exists: True, Metadata exists: True
Website ID: w3schools_com_feaabf4b
Storage path: C:\Users\prade\OneDrive\Desktop\Rag_drive\backend\data\indexes\w3schools_com_feaabf4b
Index exists: True, Metadata exists: True
Website ID: w3schools_com_feaabf4b
Storage path: C:\Users\prade\OneDrive\Desktop\Rag_drive\backend\data\indexes\w3schools_com_feaabf4b
Index exists: True, Metadata exists: True
Website ID: w3schools_com_feaabf4b
Storage path: C:\Users\prade\OneDrive\Desktop\Rag_drive\backend\data\indexes\w3schools_com_feaabf4b
Index exists: True, Metadata exists: True
Website ID: python_org_0d1d26ca
Storage path: C:\Users\prade\OneDrive\Desktop\Rag_drive\backend\data\indexes\python_org_0d1d26ca
Index exists: True, Metadata exists: True
Website ID: python_org_0d1d26ca
Storage path: C:\Users\prade\OneDrive\Desktop\Rag_drive\backend\data\indexes\python_org_0d1d26ca
Index exists: True, Metadata exists: True
Website ID: python_org_0d1d26ca
Storage path: C:\Users\prade\OneDrive\Desktop\Rag_drive\backend\data\indexes\python_org_0d1d26ca
Index exists: True, Metadata exists: True
Website ID: python_org_0d1d26ca
Storage path: C:\Users\prade\OneDrive\Desktop\Rag_drive\backend\data\indexes\python_org_0d1d26ca
Index exists: True, Metadata exists: True
Website ID: amazon_in_67e46348
Storage path: C:\Users\prade\OneDrive\Desktop\Rag_drive\backend\data\indexes\amazon_in_67e46348
Index exists: True, Metadata exists: True
Website ID: amazon_in_67e46348
Storage path: C:\Users\prade\OneDrive\Desktop\Rag_drive\backend\data\indexes\amazon_in_67e46348
Index exists: True, Metadata exists: True
Website ID: amazon_in_67e46348
Storage path: C:\Users\prade\OneDrive\Desktop\Rag_drive\backend\data\indexes\amazon_in_67e46348
Index exists: True, Metadata exists: True
Website ID: pythontutor_com_3fe361ea
Storage path: C:\Users\prade\OneDrive\Desktop\Rag_drive\backend\data\indexes\pythontutor_com_3fe361ea
Index exists: True, Metadata exists: True
Website ID: pythontutor_com_3fe361ea
Storage path: C:\Users\prade\OneDrive\Desktop\Rag_drive\backend\data\indexes\pythontutor_com_3fe361ea
Index exists: True, Metadata exists: True
Website ID: pythontutor_com_d84fc373
Storage path: C:\Users\prade\OneDrive\Desktop\Rag_drive\backend\data\indexes\pythontutor_com_d84fc373
Index exists: True, Metadata exists: True
Website ID: pythontutor_com_9b2ab327
Storage path: C:\Users\prade\OneDrive\Desktop\Rag_drive\backend\data\indexes\pythontutor_com_9b2ab327
Index exists: True, Metadata exists: True
Website ID: pythontutor_com_9b2ab327
Storage path: C:\Users\prade\OneDrive\Desktop\Rag_drive\backend\data\indexes\pythontutor_com_9b2ab327
Index exists: True, Metadata exists: True
Website ID: pythontutor_com_9b2ab327
Storage path: C:\Users\prade\OneDrive\Desktop\Rag_drive\backend\data\indexes\pythontutor_com_9b2ab327
Index exists: True, Metadata exists: True
